g:\templateproject\vs\project\release\vc142.pdb
g:\templateproject\vs\project\release\text.obj
g:\templateproject\vs\project\release\sprite.obj
g:\templateproject\vs\project\release\sound.obj
g:\templateproject\vs\project\release\shader.obj
g:\templateproject\vs\project\release\setting.obj
g:\templateproject\vs\project\release\satcollision.obj
g:\templateproject\vs\project\release\boundingbox.obj
g:\templateproject\vs\project\release\quad.obj
g:\templateproject\vs\project\release\music.obj
g:\templateproject\vs\project\release\input.obj
g:\templateproject\vs\project\release\demo.obj
g:\templateproject\vs\project\release\game.obj
g:\templateproject\vs\project\release\texture.obj
g:\templateproject\vs\release\project.exe
g:\templateproject\vs\project\release\project.ipdb
g:\templateproject\vs\project\release\project.iobj
g:\templateproject\vs\release\project.pdb
g:\templateproject\vs\project\release\project.tlog\cl.command.1.tlog
g:\templateproject\vs\project\release\project.tlog\cl.read.1.tlog
g:\templateproject\vs\project\release\project.tlog\cl.write.1.tlog
g:\templateproject\vs\project\release\project.tlog\link.command.1.tlog
g:\templateproject\vs\project\release\project.tlog\link.read.1.tlog
g:\templateproject\vs\project\release\project.tlog\link.write.1.tlog
