g:\templateproject\vs\project\debug\vc142.pdb
g:\templateproject\vs\project\debug\vc142.idb
g:\templateproject\vs\project\debug\texture.obj
g:\templateproject\vs\project\debug\text.obj
g:\templateproject\vs\project\debug\sprite.obj
g:\templateproject\vs\project\debug\sound.obj
g:\templateproject\vs\project\debug\shader.obj
g:\templateproject\vs\project\debug\setting.obj
g:\templateproject\vs\project\debug\satcollision.obj
g:\templateproject\vs\project\debug\boundingbox.obj
g:\templateproject\vs\project\debug\quad.obj
g:\templateproject\vs\project\debug\music.obj
g:\templateproject\vs\project\debug\input.obj
g:\templateproject\vs\project\debug\demo.obj
g:\templateproject\vs\project\debug\game.obj
g:\templateproject\vs\debug\project.exe
g:\templateproject\vs\project\debug\project.ilk
g:\templateproject\vs\debug\project.pdb
g:\templateproject\vs\project\debug\project.tlog\cl.command.1.tlog
g:\templateproject\vs\project\debug\project.tlog\cl.read.1.tlog
g:\templateproject\vs\project\debug\project.tlog\cl.write.1.tlog
g:\templateproject\vs\project\debug\project.tlog\link.command.1.tlog
g:\templateproject\vs\project\debug\project.tlog\link.read.1.tlog
g:\templateproject\vs\project\debug\project.tlog\link.write.1.tlog
